c:\users\hm\source\repos\programing03_12_02_2\programing03_12_02_2\debug\vc142.pdb
c:\users\hm\source\repos\programing03_12_02_2\programing03_12_02_2\debug\vc142.idb
c:\users\hm\source\repos\programing03_12_02_2\programing03_12_02_2\debug\vstack.obj
c:\users\hm\source\repos\programing03_12_02_2\programing03_12_02_2\debug\vnode.obj
c:\users\hm\source\repos\programing03_12_02_2\programing03_12_02_2\debug\postfix.obj
c:\users\hm\source\repos\programing03_12_02_2\programing03_12_02_2\debug\ostack.obj
c:\users\hm\source\repos\programing03_12_02_2\programing03_12_02_2\debug\onode.obj
c:\users\hm\source\repos\programing03_12_02_2\programing03_12_02_2\debug\main.obj
c:\users\hm\source\repos\programing03_12_02_2\programing03_12_02_2\debug\infix.obj
c:\users\hm\source\repos\programing03_12_02_2\programing03_12_02_2\debug\appview.obj
c:\users\hm\source\repos\programing03_12_02_2\programing03_12_02_2\debug\appcontroller.obj
c:\users\hm\source\repos\programing03_12_02_2\debug\programing03_12_02_2.ilk
c:\users\hm\source\repos\programing03_12_02_2\debug\programing03_12_02_2.exe
c:\users\hm\source\repos\programing03_12_02_2\debug\programing03_12_02_2.pdb
c:\users\hm\source\repos\programing03_12_02_2\programing03_12_02_2\debug\programi.b7b9d1b5.tlog\cl.command.1.tlog
c:\users\hm\source\repos\programing03_12_02_2\programing03_12_02_2\debug\programi.b7b9d1b5.tlog\cl.read.1.tlog
c:\users\hm\source\repos\programing03_12_02_2\programing03_12_02_2\debug\programi.b7b9d1b5.tlog\cl.write.1.tlog
c:\users\hm\source\repos\programing03_12_02_2\programing03_12_02_2\debug\programi.b7b9d1b5.tlog\link.command.1.tlog
c:\users\hm\source\repos\programing03_12_02_2\programing03_12_02_2\debug\programi.b7b9d1b5.tlog\link.read.1.tlog
c:\users\hm\source\repos\programing03_12_02_2\programing03_12_02_2\debug\programi.b7b9d1b5.tlog\link.write.1.tlog
